<?xml version="1.0" encoding="UTF-8"?>
<testsuite failures="0" skipped="0" name="Playwright Coverage" time="0" tests="0"/>